<?xml version="1.0" encoding="UTF-8"?>
<!-- Generated by org.testng.reporters.JUnitReportReporter -->
<testsuite skipped="0" hostname="DESKTOP-US5V72R" name="com.inetbanking.testCases.TC_LoginTest_001" tests="1" failures="0" timestamp="2021-07-29T18:26:54 EDT" time="1.106" errors="0">
  <testcase name="loginTest" time="1.106" classname="com.inetbanking.testCases.TC_LoginTest_001"/>
  <system-out/>
</testsuite> <!-- com.inetbanking.testCases.TC_LoginTest_001 -->
